2024-03-03T14:17:07.124+05:30  INFO 15670 --- [restartedMain] c.w.shoppingapi.ShoppingapiApplication   : Starting ShoppingapiApplication using Java 18.0.2.1 with PID 15670 (/Users/suniljaiswal/Desktop/Learning/mobileProject/wheatRootAPI/shoppingapi/target/classes started by suniljaiswal in /Users/suniljaiswal/Desktop/Learning/mobileProject/wheatRootAPI/shoppingapi)
2024-03-03T14:17:07.128+05:30  INFO 15670 --- [restartedMain] c.w.shoppingapi.ShoppingapiApplication   : No active profile set, falling back to 1 default profile: "default"
2024-03-03T14:17:07.205+05:30  INFO 15670 --- [restartedMain] .e.DevToolsPropertyDefaultsPostProcessor : Devtools property defaults active! Set 'spring.devtools.add-properties' to 'false' to disable
2024-03-03T14:17:07.205+05:30  INFO 15670 --- [restartedMain] .e.DevToolsPropertyDefaultsPostProcessor : For additional web related logging consider setting the 'logging.level.web' property to 'DEBUG'
2024-03-03T14:17:08.375+05:30  INFO 15670 --- [restartedMain] .s.d.r.c.RepositoryConfigurationDelegate : Bootstrapping Spring Data JPA repositories in DEFAULT mode.
2024-03-03T14:17:08.439+05:30  INFO 15670 --- [restartedMain] .s.d.r.c.RepositoryConfigurationDelegate : Finished Spring Data repository scanning in 52 ms. Found 1 JPA repository interface.
2024-03-03T14:17:09.092+05:30  INFO 15670 --- [restartedMain] o.s.b.w.embedded.tomcat.TomcatWebServer  : Tomcat initialized with port 8080 (http)
2024-03-03T14:17:09.107+05:30  INFO 15670 --- [restartedMain] o.apache.catalina.core.StandardService   : Starting service [Tomcat]
2024-03-03T14:17:09.107+05:30  INFO 15670 --- [restartedMain] o.apache.catalina.core.StandardEngine    : Starting Servlet engine: [Apache Tomcat/10.1.18]
2024-03-03T14:17:09.164+05:30  INFO 15670 --- [restartedMain] o.a.c.c.C.[Tomcat].[localhost].[/]       : Initializing Spring embedded WebApplicationContext
2024-03-03T14:17:09.165+05:30  INFO 15670 --- [restartedMain] w.s.c.ServletWebServerApplicationContext : Root WebApplicationContext: initialization completed in 1959 ms
2024-03-03T14:17:09.350+05:30  INFO 15670 --- [restartedMain] o.hibernate.jpa.internal.util.LogHelper  : HHH000204: Processing PersistenceUnitInfo [name: default]
2024-03-03T14:17:09.429+05:30  INFO 15670 --- [restartedMain] org.hibernate.Version                    : HHH000412: Hibernate ORM core version 6.4.1.Final
2024-03-03T14:17:09.473+05:30  INFO 15670 --- [restartedMain] o.h.c.internal.RegionFactoryInitiator    : HHH000026: Second-level cache disabled
2024-03-03T14:17:09.780+05:30  INFO 15670 --- [restartedMain] o.s.o.j.p.SpringPersistenceUnitInfo      : No LoadTimeWeaver setup: ignoring JPA class transformer
2024-03-03T14:17:09.816+05:30  INFO 15670 --- [restartedMain] com.zaxxer.hikari.HikariDataSource       : HikariPool-1 - Starting...
2024-03-03T14:17:10.314+05:30  INFO 15670 --- [restartedMain] com.zaxxer.hikari.pool.HikariPool        : HikariPool-1 - Added connection com.mysql.cj.jdbc.ConnectionImpl@e0b1f0d
2024-03-03T14:17:10.317+05:30  INFO 15670 --- [restartedMain] com.zaxxer.hikari.HikariDataSource       : HikariPool-1 - Start completed.
2024-03-03T14:17:11.663+05:30  INFO 15670 --- [restartedMain] o.h.e.t.j.p.i.JtaPlatformInitiator       : HHH000489: No JTA platform available (set 'hibernate.transaction.jta.platform' to enable JTA platform integration)
2024-03-03T14:17:12.179+05:30  INFO 15670 --- [restartedMain] j.LocalContainerEntityManagerFactoryBean : Initialized JPA EntityManagerFactory for persistence unit 'default'
2024-03-03T14:17:12.524+05:30  WARN 15670 --- [restartedMain] JpaBaseConfiguration$JpaWebConfiguration : spring.jpa.open-in-view is enabled by default. Therefore, database queries may be performed during view rendering. Explicitly configure spring.jpa.open-in-view to disable this warning
2024-03-03T14:17:13.008+05:30  INFO 15670 --- [restartedMain] o.s.b.d.a.OptionalLiveReloadServer       : LiveReload server is running on port 35729
2024-03-03T14:17:13.055+05:30  INFO 15670 --- [restartedMain] o.s.b.w.embedded.tomcat.TomcatWebServer  : Tomcat started on port 8080 (http) with context path ''
2024-03-03T14:17:13.071+05:30  INFO 15670 --- [restartedMain] c.w.shoppingapi.ShoppingapiApplication   : Started ShoppingapiApplication in 6.406 seconds (process running for 7.232)
